<suite name="Test Sample">
    <test name="chrome">
        <classes>
            <parameter name = "browser" value="Chrome" />
            <class name ="features.elements.TestSample"/>
        </classes>

    </test>

    <test name="firefox">
        <classes>
            <parameter name = "browser" value = "Firefox"/>
            <class name ="features.elements.TestSample2">
                <methods>
                    <exclude name = "tc01"/>
                </methods>
            </class>
        </classes>

    </test>

</suite>